<?xml version="1.0" encoding="UTF-8"?>
<testsuite xmlns:xsi="http://www.w3.org/2001/XMLSchema-instance" xsi:noNamespaceSchemaLocation="https://maven.apache.org/surefire/maven-surefire-plugin/xsd/surefire-test-report.xsd" name="ba.unsa.etf.rpr.IgraTest" time="0.104" tests="27" errors="0" skipped="0" failures="0">
  <properties>
[...]
</properties>
  <testcase name="registrujIgracaTest" classname="ba.unsa.etf.rpr.IgraTest" time="0.015"/>
  <testcase name="registrujIgracaIzuzetakTest" classname="ba.unsa.etf.rpr.IgraTest" time="0.001"/>
  <testcase name="dajIgracePoKriterijuTest" classname="ba.unsa.etf.rpr.IgraTest" time="0.003"/>
  <testcase name="izvrsiNapadIzuzetakTest1" classname="ba.unsa.etf.rpr.IgraTest" time="0.003"/>
  <testcase name="izvrsiNapadIzuzetakTest2" classname="ba.unsa.etf.rpr.IgraTest" time="0.001"/>
  <testcase name="izvrsiNapadIzuzetakTest3" classname="ba.unsa.etf.rpr.IgraTest" time="0.016"/>
  <testcase name="izvrsiNapadIzuzetakTest4" classname="ba.unsa.etf.rpr.IgraTest" time="0.001"/>
  <testcase name="statusIgreTest1" classname="ba.unsa.etf.rpr.IgraTest" time="0.004"/>
  <testcase name="prikaziStanjeTest1" classname="ba.unsa.etf.rpr.IgraTest" time="0.012"/>
  <testcase name="dajPrezivjeleHerojeTest" classname="ba.unsa.etf.rpr.IgraTest" time="0.001"/>
  <testcase name="dajIgraceUVodstvuTest1" classname="ba.unsa.etf.rpr.IgraTest" time="0.002"/>
  <testcase name="dajHerojeTest" classname="ba.unsa.etf.rpr.IgraTest" time="0"/>
  <testcase name="dajPrezivjeleNeprijateljeTest" classname="ba.unsa.etf.rpr.IgraTest" time="0"/>
  <testcase name="izvrsiNapadTest1" classname="ba.unsa.etf.rpr.IgraTest" time="0.001"/>
  <testcase name="izvrsiNapadTest2" classname="ba.unsa.etf.rpr.IgraTest" time="0.001"/>
  <testcase name="ukloniGubitnikeTest1" classname="ba.unsa.etf.rpr.IgraTest" time="0.002"/>
  <testcase name="ukloniGubitnikeTest2" classname="ba.unsa.etf.rpr.IgraTest" time="0.002"/>
  <testcase name="dajNeprijateljeTest" classname="ba.unsa.etf.rpr.IgraTest" time="0.001"/>
  <testcase name="restartujTest" classname="ba.unsa.etf.rpr.IgraTest" time="0.002"/>
  <testcase name="izvrsiSerijuNapadaTest1" classname="ba.unsa.etf.rpr.IgraTest" time="0.001"/>
  <testcase name="daLiJeMoguceNapastiTest" classname="ba.unsa.etf.rpr.IgraTest" time="0.001"/>
  <testcase name="registrujNapadZaIgracaTest1" classname="ba.unsa.etf.rpr.IgraTest" time="0.002"/>
  <testcase name="registrujNapadZaIgracaTest2" classname="ba.unsa.etf.rpr.IgraTest" time="0.002"/>
  <testcase name="izvrsiSerijuNapadaIzuzetakTest1" classname="ba.unsa.etf.rpr.IgraTest" time="0.002"/>
  <testcase name="izvrsiSerijuNapadaIzuzetakTest2" classname="ba.unsa.etf.rpr.IgraTest" time="0.001"/>
  <testcase name="dajPrezivjeleIgraceTest1" classname="ba.unsa.etf.rpr.IgraTest" time="0.003"/>
  <testcase name="dajPrezivjeleIgraceTest2" classname="ba.unsa.etf.rpr.IgraTest" time="0.002"/>
</testsuite>